<?xml version="1.0" encoding="UTF-8"?>
<testng-results skipped="0" failed="0" ignored="0" total="1" passed="1">
  <reporter-output>
  </reporter-output>
  <suite name="Default suite" duration-ms="22701" started-at="2018-10-29T10:27:50Z" finished-at="2018-10-29T10:28:13Z">
    <groups>
    </groups>
    <test name="Default test" duration-ms="22701" started-at="2018-10-29T10:27:50Z" finished-at="2018-10-29T10:28:13Z">
      <class name="practtice.TakeScreenShot">
        <test-method status="PASS" signature="openBrowser()[pri:0, instance:practtice.TakeScreenShot@7e0b0338]" name="openBrowser" duration-ms="21957" started-at="2018-10-29T15:57:50Z" finished-at="2018-10-29T15:58:12Z">
          <reporter-output>
          </reporter-output>
        </test-method> <!-- openBrowser -->
        <test-method status="PASS" signature="takeScreenshot()[pri:0, instance:practtice.TakeScreenShot@7e0b0338]" name="takeScreenshot" is-config="true" duration-ms="695" started-at="2018-10-29T15:58:12Z" finished-at="2018-10-29T15:58:13Z">
          <reporter-output>
          </reporter-output>
        </test-method> <!-- takeScreenshot -->
      </class> <!-- practtice.TakeScreenShot -->
    </test> <!-- Default test -->
  </suite> <!-- Default suite -->
</testng-results>
